{
  "RSpec": {
    "coverage": {
      "/home/erich/code/code_tests/se-challenge/spec/controllers/expenses_controller_spec.rb": [
        1,
        null,
        1,
        null,
        1,
        1,
        1,
        1,
        null,
        null,
        null,
        1,
        1,
        1,
        1,
        null,
        null,
        null,
        1,
        1,
        1,
        1,
        null,
        null,
        null,
        1,
        1,
        1,
        1,
        null,
        null,
        null,
        null
      ],
      "/home/erich/code/code_tests/se-challenge/spec/rails_helper.rb": [
        null,
        1,
        1,
        1,
        1,
        null,
        null,
        null,
        null,
        null,
        null,
        null,
        null,
        null,
        null,
        null,
        null,
        null,
        null,
        null,
        null,
        null,
        null,
        null,
        1,
        null,
        1,
        null,
        1,
        null,
        null,
        null,
        null,
        1,
        null,
        null,
        null,
        null,
        null,
        null,
        null,
        null,
        null,
        null,
        null,
        null,
        null,
        null,
        1,
        null
      ],
      "/home/erich/code/code_tests/se-challenge/config/environment.rb": [
        null,
        1,
        null,
        null,
        1
      ],
      "/home/erich/code/code_tests/se-challenge/config/application.rb": [
        1,
        null,
        1,
        null,
        null,
        null,
        1,
        null,
        1,
        1,
        null,
        null,
        null,
        null,
        null,
        null,
        null,
        null,
        null,
        null,
        null,
        null,
        null
      ],
      "/home/erich/code/code_tests/se-challenge/config/boot.rb": [
        null,
        1,
        null,
        1
      ],
      "/home/erich/code/code_tests/se-challenge/config/environments/test.rb": [
        1,
        null,
        null,
        null,
        null,
        null,
        null,
        1,
        null,
        null,
        null,
        null,
        1,
        null,
        null,
        1,
        1,
        null,
        null,
        1,
        1,
        null,
        null,
        1,
        null,
        null,
        1,
        null,
        null,
        null,
        null,
        1,
        null,
        null,
        1,
        null,
        null,
        null,
        null
      ],
      "/home/erich/code/code_tests/se-challenge/config/initializers/assets.rb": [
        null,
        null,
        null,
        1,
        null,
        null,
        null,
        null
      ],
      "/home/erich/code/code_tests/se-challenge/config/initializers/backtrace_silencers.rb": [
        null,
        null,
        null,
        null,
        null,
        null,
        null
      ],
      "/home/erich/code/code_tests/se-challenge/config/initializers/cookies_serializer.rb": [
        null,
        null,
        1
      ],
      "/home/erich/code/code_tests/se-challenge/config/initializers/filter_parameter_logging.rb": [
        null,
        null,
        null,
        1
      ],
      "/home/erich/code/code_tests/se-challenge/config/initializers/inflections.rb": [
        null,
        null,
        null,
        null,
        null,
        null,
        null,
        null,
        null,
        null,
        null,
        null,
        null,
        null,
        null,
        null
      ],
      "/home/erich/code/code_tests/se-challenge/config/initializers/mime_types.rb": [
        null,
        null,
        null,
        null
      ],
      "/home/erich/code/code_tests/se-challenge/config/initializers/session_store.rb": [
        null,
        null,
        1
      ],
      "/home/erich/code/code_tests/se-challenge/config/initializers/wrap_parameters.rb": [
        null,
        null,
        null,
        null,
        null,
        null,
        1,
        1,
        null,
        null,
        null,
        null,
        null,
        null
      ],
      "/home/erich/code/code_tests/se-challenge/config/routes.rb": [
        1,
        1,
        null,
        1,
        null,
        1,
        null,
        1,
        null,
        null,
        null,
        null,
        null,
        null,
        null,
        null,
        null,
        null,
        null,
        null,
        null,
        null,
        null,
        null,
        null,
        null,
        null,
        null,
        null,
        null,
        null,
        null,
        null,
        null,
        null,
        null,
        null,
        null,
        null,
        null,
        null,
        null,
        null,
        null,
        null,
        null,
        null,
        null,
        null,
        null,
        null,
        null,
        null,
        null,
        null,
        null,
        null,
        null,
        null,
        null,
        null,
        null,
        null,
        null
      ],
      "/home/erich/code/code_tests/se-challenge/app/helpers/application_helper.rb": [
        1,
        null
      ],
      "/home/erich/code/code_tests/se-challenge/app/helpers/expenses_helper.rb": [
        1,
        null
      ],
      "/home/erich/code/code_tests/se-challenge/app/controllers/expenses_controller.rb": [
        1,
        1,
        null,
        null,
        1,
        null,
        null,
        1,
        null,
        null,
        1,
        null,
        null
      ],
      "/home/erich/code/code_tests/se-challenge/app/controllers/application_controller.rb": [
        1,
        null,
        null,
        1,
        null
      ],
      "/home/erich/code/code_tests/se-challenge/spec/helpers/expenses_helper_spec.rb": [
        1,
        null,
        null,
        null,
        null,
        null,
        null,
        null,
        null,
        null,
        null,
        null,
        1,
        1,
        null
      ],
      "/home/erich/code/code_tests/se-challenge/spec/models/expense_spec.rb": [
        1,
        null,
        1,
        1,
        8,
        null,
        null,
        9,
        null,
        2,
        2,
        2,
        2,
        2,
        2,
        2,
        null,
        2,
        null
      ],
      "/home/erich/code/code_tests/se-challenge/app/models/expense.rb": [
        1,
        null
      ],
      "/home/erich/code/code_tests/se-challenge/spec/views/expenses/create.html.erb_spec.rb": [
        1,
        null,
        1,
        1,
        null
      ],
      "/home/erich/code/code_tests/se-challenge/spec/views/expenses/index.html.erb_spec.rb": [
        1,
        null,
        1,
        1,
        null
      ],
      "/home/erich/code/code_tests/se-challenge/spec/views/expenses/new.html.erb_spec.rb": [
        1,
        null,
        1,
        1,
        null
      ],
      "/home/erich/code/code_tests/se-challenge/spec/views/expenses/show.html.erb_spec.rb": [
        1,
        null,
        1,
        1,
        null
      ]
    },
    "timestamp": 1415811382
  }
}
